
  Current date: 10:57:05 on 10-05-2018
  EPSR version 25: 2016-02-24      

  Trial no.     5      Iteration no.     1      No. of configurations in sum     1
  Chi-square  0.245631E-01 R-space coeff.:  0.109766E-03 Abs. empirical energy:   0.200000E+02
  Quality factor  0.115866E-01 Control level, baseline and threshold:  0.000000E+00  0.000000E+00  0.500000E+00
  Pair energies: repulsive  0.320125E-01 harmonic  0.360043E+01 per molecule
  Tethered energy:  0.000000E+00 per molecule
  Three-body energy:  0.000000E+00 per molecule
  Three-body pressure:  0.000000E+00 kbar
  No. of .erg lines:   16449 Average gradient of quality factor:  0.155013E-01
  Sizefactor    1.00000 Number density  0.10020E+00
  Net charge =    0.00000
  R-factor for data file  1:  0.3695E-03
  R-factor for data file  2:  0.4410E-02
  R-factor for data file  3:  0.6891E-01
  Noise in average g(r)  0.178329E+02
  Intermolecular energy and U_pol  0.320026E-01  0.000000E+00 kJ/mole
  Intermolecular pressure  0.346816E+02 kbar
  Average dipole moment and std.  0.110290E+01  0.213981E+00 D
  Av. intermolecular energy  0.435257E+00+- 0.407063E+00 kJ/mole
  Av. intermolecular pressure  0.354862E+02+- 0.460593E+00 kbar
  Number of rejects in MOLFIT:-
       0       0    1000    1000
       0       0     738     738
