
  EPSR version 25: 2016-02-24      

  Trial no.     5      Iteration no.     1      No. of configurations in sum     1
  Chi-square  0.123022E-02 R-space coeff.:  0.234614E-03 Abs. empirical energy:   0.000000E+00
  Quality factor  0.728494E-03 Control level, baseline and threshold:  0.000000E+00  0.000000E+00  0.500000E+00
  Pair energies: repulsive -0.269128E+02 harmonic  0.349099E+02 per molecule
  Tethered energy:  0.000000E+00 per molecule
  Three-body energy:  0.000000E+00 per molecule
  Three-body pressure:  0.000000E+00 kbar
  No. of .erg lines:    1438 Average gradient of quality factor:  0.000000E+00
  Sizefactor    1.00000 Number density  0.81041E-01
  Net charge =    0.00000
  R-factor for data file  1:  0.5835E-03
  R-factor for data file  2:  0.9459E-03
  R-factor for data file  3:  0.2161E-02
  Noise in average g(r)  0.177197E+02
  Intermolecular energy and U_pol -0.269129E+02  0.000000E+00 kJ/mole
  Intermolecular pressure  0.451324E+01 kbar
  Average dipole moment and std.  0.879535E+00  0.410658E+00 D
  Av. intermolecular energy -0.269888E+02+- 0.184421E+00 kJ/mole
  Av. intermolecular pressure  0.444554E+01+- 0.173355E+00 kbar
  Number of rejects in MOLFIT:-
       0       0     200     200
       0       0     157     159
