
  Current date: 17:09:01 on 08-03-2018
  EPSR version 25: 2016-02-24      

  Trial no.     5      Iteration no.     1      No. of configurations in sum     1
  Chi-square  0.629204E-02 R-space coeff.:  0.477143E-04 Abs. empirical energy:   0.100000E+02
  Quality factor  0.308713E-02 Control level, baseline and threshold:  0.000000E+00  0.000000E+00  0.500000E+00
  Pair energies: repulsive -0.313560E+02 harmonic  0.369203E+01 per molecule
  Tethered energy:  0.000000E+00 per molecule
  Three-body energy:  0.000000E+00 per molecule
  Three-body pressure:  0.000000E+00 kbar
  No. of .erg lines:   15565 Average gradient of quality factor:  0.000000E+00
  Sizefactor    1.00000 Number density  0.10020E+00
  Net charge =    0.00000
  R-factor for data file  1:  0.3621E-03
  R-factor for data file  2:  0.1539E-02
  R-factor for data file  3:  0.1697E-01
  Noise in average g(r)  0.181317E+02
  Intermolecular energy and U_pol -0.313561E+02  0.000000E+00 kJ/mole
  Intermolecular pressure  0.417869E+01 kbar
  Average dipole moment and std.  0.109282E+01  0.217155E+00 D
  Av. intermolecular energy -0.309186E+02+- 0.302878E+00 kJ/mole
  Av. intermolecular pressure  0.498055E+01+- 0.447517E+00 kbar
  Number of rejects in MOLFIT:-
       0       0    1000    1000
       0       0     756     756
