
  Current date: 11:59:28 on 25-04-2018
  EPSR version 25: 2016-02-24      

  Trial no.     5      Iteration no.     1      No. of configurations in sum     1
  Chi-square  0.130176E-02 R-space coeff.:  0.537604E-03 Abs. empirical energy:   0.000000E+00
  Quality factor  0.919684E-03 Control level, baseline and threshold:  0.000000E+00  0.000000E+00  0.500000E+00
  Pair energies: repulsive -0.612444E+01 harmonic  0.368365E+01 per molecule
  Tethered energy:  0.000000E+00 per molecule
  Three-body energy:  0.000000E+00 per molecule
  Three-body pressure:  0.000000E+00 kbar
  No. of .erg lines:       0 Average gradient of quality factor:  0.000000E+00
  Sizefactor    1.00000 Number density  0.10020E+00
  Net charge =    0.00000
  R-factor for data file  1:  0.9659E-03
  R-factor for data file  2:  0.5060E-03
  R-factor for data file  3:  0.2433E-02
  Noise in average g(r)  0.527146E+02
  Intermolecular energy and U_pol -0.612451E+01  0.000000E+00 kJ/mole
  Intermolecular pressure  0.899923E+01 kbar
  Average dipole moment and std.  0.108542E+01  0.221992E+00 D
  Av. intermolecular energy  0.000000E+00+- 0.000000E+00 kJ/mole
  Av. intermolecular pressure  0.000000E+00+- 0.000000E+00 kbar
  Number of rejects in MOLFIT:-
       0       0    1000    1000
       0       0     753     753
