
  EPSR version 25: 2016-02-24      

  Trial no.     5      Iteration no.     1      No. of configurations in sum     1
  Chi-square  0.561504E-01 R-space coeff.:  0.237163E+00 Abs. empirical energy:   0.000000E+00
  Quality factor  0.145471E+00 Control level, baseline and threshold:  0.000000E+00  0.000000E+00  0.500000E+00
  Pair energies: repulsive -0.201592E+03 harmonic  0.000000E+00 per molecule
  Tethered energy:  0.000000E+00 per molecule
  Three-body energy:  0.000000E+00 per molecule
  Three-body pressure:  0.000000E+00 kbar
  No. of .erg lines:     884 Average gradient of quality factor:  0.000000E+00
  Sizefactor    1.00000 Number density  0.66400E-01
  Net charge =    0.00000
  R-factor for data file  1:  0.5615E-01
  Noise in average g(r)  0.195458E+02
  Intermolecular energy and U_pol -0.201747E+03  0.000000E+00 kJ/mole
  Intermolecular pressure  0.707478E+03 kbar
  Average dipole moment and std.  0.000000E+00  0.000000E+00 D
  Av. intermolecular energy -0.190885E+03+- 0.600000E+02 kJ/mole
  Av. intermolecular pressure  0.762123E+03+- 0.301683E+03 kbar
  Number of rejects in MOLFIT:-
       0       0       0    3000
       0       0       0    2272
